# JRE version: OpenJDK Runtime Environment (17.0.2+8) (build 17.0.2+8-86)
# Java VM: OpenJDK 64-Bit Server VM (17.0.2+8-86, mixed mode, sharing, tiered, compressed class ptrs, g1 gc, linux-amd64)
GC Precious Log:
 CPUs: 16 total, 13 available
 Memory: 15385M
 Large Page Support: Disabled
 NUMA Support: Disabled
 Compressed Oops: Disabled
 Heap Region Size: 32M
 Heap Min Capacity: 32M
 Heap Initial Capacity: 256M
 Heap Max Capacity: 38G
 Pre-touch: Disabled
 Parallel Workers: 11
 Concurrent Workers: 3
 Concurrent Refinement Workers: 11
 Periodic GC: Disabled
Heap:
 garbage-first heap   total 9863168K, used 5008140K [0x00007f33a0000000, 0x00007f3d20000000)
  region size 32768K, 141 young (4620288K), 1 survivors (32768K)
 Metaspace       used 64783K, committed 65536K, reserved 1105920K
  class space    used 9395K, committed 9728K, reserved 1048576K
GC Heap History (20 events):
Event: 44,320 GC heap before
{Heap before GC invocations=70 (full 0):
 garbage-first heap   total 9863168K, used 6276623K [0x00007f33a0000000, 0x00007f3d20000000)
  region size 32768K, 180 young (5898240K), 2 survivors (65536K)
 Metaspace       used 64742K, committed 65472K, reserved 1105920K
  class space    used 9394K, committed 9728K, reserved 1048576K
}
Event: 44,333 GC heap after
{Heap after GC invocations=71 (full 0):
 garbage-first heap   total 9863168K, used 442064K [0x00007f33a0000000, 0x00007f3d20000000)
  region size 32768K, 2 young (65536K), 2 survivors (65536K)
 Metaspace       used 64742K, committed 65472K, reserved 1105920K
  class space    used 9394K, committed 9728K, reserved 1048576K
}
Event: 45,093 GC heap before
{Heap before GC invocations=71 (full 0):
 garbage-first heap   total 9863168K, used 6274768K [0x00007f33a0000000, 0x00007f3d20000000)
  region size 32768K, 180 young (5898240K), 2 survivors (65536K)
 Metaspace       used 64742K, committed 65472K, reserved 1105920K
  class space    used 9394K, committed 9728K, reserved 1048576K
}
Event: 45,105 GC heap after
{Heap after GC invocations=72 (full 0):
 garbage-first heap   total 9863168K, used 443596K [0x00007f33a0000000, 0x00007f3d20000000)
  region size 32768K, 1 young (32768K), 1 survivors (32768K)
 Metaspace       used 64742K, committed 65472K, reserved 1105920K
  class space    used 9394K, committed 9728K, reserved 1048576K
}
Event: 45,880 GC heap before
{Heap before GC invocations=72 (full 0):
 garbage-first heap   total 9863168K, used 6309068K [0x00007f33a0000000, 0x00007f3d20000000)
  region size 32768K, 180 young (5898240K), 1 survivors (32768K)
 Metaspace       used 64743K, committed 65472K, reserved 1105920K
  class space    used 9394K, committed 9728K, reserved 1048576K
}
Event: 45,890 GC heap after
{Heap after GC invocations=73 (full 0):
 garbage-first heap   total 9863168K, used 445084K [0x00007f33a0000000, 0x00007f3d20000000)
  region size 32768K, 2 young (65536K), 2 survivors (65536K)
 Metaspace       used 64743K, committed 65472K, reserved 1105920K
  class space    used 9394K, committed 9728K, reserved 1048576K
}
Event: 47,455 GC heap before
{Heap before GC invocations=73 (full 0):
 garbage-first heap   total 9863168K, used 6277788K [0x00007f33a0000000, 0x00007f3d20000000)
  region size 32768K, 180 young (5898240K), 2 survivors (65536K)
 Metaspace       used 64745K, committed 65472K, reserved 1105920K
  class space    used 9394K, committed 9728K, reserved 1048576K
}
Event: 47,465 GC heap after
{Heap after GC invocations=74 (full 0):
 garbage-first heap   total 9863168K, used 445633K [0x00007f33a0000000, 0x00007f3d20000000)
  region size 32768K, 2 young (65536K), 2 survivors (65536K)
 Metaspace       used 64745K, committed 65472K, reserved 1105920K
  class space    used 9394K, committed 9728K, reserved 1048576K
}
Event: 48,241 GC heap before
{Heap before GC invocations=74 (full 0):
 garbage-first heap   total 9863168K, used 6278337K [0x00007f33a0000000, 0x00007f3d20000000)
  region size 32768K, 180 young (5898240K), 2 survivors (65536K)
 Metaspace       used 64745K, committed 65472K, reserved 1105920K
  class space    used 9394K, committed 9728K, reserved 1048576K
}
Event: 48,252 GC heap after
{Heap after GC invocations=75 (full 0):
 garbage-first heap   total 9863168K, used 446244K [0x00007f33a0000000, 0x00007f3d20000000)
  region size 32768K, 2 young (65536K), 2 survivors (65536K)
 Metaspace       used 64745K, committed 65472K, reserved 1105920K
  class space    used 9394K, committed 9728K, reserved 1048576K
}
Event: 49,110 GC heap before
{Heap before GC invocations=75 (full 0):
 garbage-first heap   total 9863168K, used 6278948K [0x00007f33a0000000, 0x00007f3d20000000)
  region size 32768K, 180 young (5898240K), 2 survivors (65536K)
 Metaspace       used 64745K, committed 65472K, reserved 1105920K
  class space    used 9394K, committed 9728K, reserved 1048576K
}
Event: 49,164 GC heap after
{Heap after GC invocations=76 (full 0):
 garbage-first heap   total 9863168K, used 448445K [0x00007f33a0000000, 0x00007f3d20000000)
  region size 32768K, 2 young (65536K), 2 survivors (65536K)
 Metaspace       used 64745K, committed 65472K, reserved 1105920K
  class space    used 9394K, committed 9728K, reserved 1048576K
}
Event: 50,656 GC heap before
{Heap before GC invocations=76 (full 0):
 garbage-first heap   total 9863168K, used 6281149K [0x00007f33a0000000, 0x00007f3d20000000)
  region size 32768K, 180 young (5898240K), 2 survivors (65536K)
 Metaspace       used 64745K, committed 65472K, reserved 1105920K
  class space    used 9394K, committed 9728K, reserved 1048576K
}
Event: 50,669 GC heap after
{Heap after GC invocations=77 (full 0):
 garbage-first heap   total 9863168K, used 449066K [0x00007f33a0000000, 0x00007f3d20000000)
  region size 32768K, 1 young (32768K), 1 survivors (32768K)
 Metaspace       used 64745K, committed 65472K, reserved 1105920K
  class space    used 9394K, committed 9728K, reserved 1048576K
}
Event: 51,522 GC heap before
{Heap before GC invocations=77 (full 0):
 garbage-first heap   total 9863168K, used 6314538K [0x00007f33a0000000, 0x00007f3d20000000)
  region size 32768K, 180 young (5898240K), 1 survivors (32768K)
 Metaspace       used 64745K, committed 65472K, reserved 1105920K
  class space    used 9394K, committed 9728K, reserved 1048576K
}
Event: 51,533 GC heap after
{Heap after GC invocations=78 (full 0):
 garbage-first heap   total 9863168K, used 450707K [0x00007f33a0000000, 0x00007f3d20000000)
  region size 32768K, 1 young (32768K), 1 survivors (32768K)
 Metaspace       used 64745K, committed 65472K, reserved 1105920K
  class space    used 9394K, committed 9728K, reserved 1048576K
}
Event: 52,380 GC heap before
{Heap before GC invocations=78 (full 0):
 garbage-first heap   total 9863168K, used 6316179K [0x00007f33a0000000, 0x00007f3d20000000)
  region size 32768K, 180 young (5898240K), 1 survivors (32768K)
 Metaspace       used 64745K, committed 65472K, reserved 1105920K
  class space    used 9394K, committed 9728K, reserved 1048576K
}
Event: 52,393 GC heap after
{Heap after GC invocations=79 (full 0):
 garbage-first heap   total 9863168K, used 451910K [0x00007f33a0000000, 0x00007f3d20000000)
  region size 32768K, 1 young (32768K), 1 survivors (32768K)
 Metaspace       used 64745K, committed 65472K, reserved 1105920K
  class space    used 9394K, committed 9728K, reserved 1048576K
}
Event: 54,089 GC heap before
{Heap before GC invocations=79 (full 0):
 garbage-first heap   total 9863168K, used 6284614K [0x00007f33a0000000, 0x00007f3d20000000)
  region size 32768K, 180 young (5898240K), 1 survivors (32768K)
 Metaspace       used 64749K, committed 65472K, reserved 1105920K
  class space    used 9394K, committed 9728K, reserved 1048576K
}
Event: 54,107 GC heap after
{Heap after GC invocations=80 (full 0):
 garbage-first heap   total 9863168K, used 453388K [0x00007f33a0000000, 0x00007f3d20000000)
  region size 32768K, 1 young (32768K), 1 survivors (32768K)
 Metaspace       used 64749K, committed 65472K, reserved 1105920K
  class space    used 9394K, committed 9728K, reserved 1048576K
}

